Using pre-set license

 COMMAND LINE ARGUMENTS:
/Applications/Unity/Hub/Editor/2020.3.7f1/Unity.app/Contents/MacOS/Unity
-adb2
-batchMode
-noUpm
-name
AssetImportWorker0
-projectPath
/Users/yanagisawakai/Downloads/ShaderSample
-logFile
Logs/AssetImportWorker0.log
-srvPort
51874
Successfully changed project path to: /Users/yanagisawakai/Downloads/ShaderSample
/Users/yanagisawakai/Downloads/ShaderSample
Using Asset Import Pipeline V2.
Cannot set VR devices because the platform passed isn't supported by Unity.

Cannot set VR devices because the platform passed isn't supported by Unity.

Cannot set VR devices because the platform passed isn't supported by Unity.

Cannot set VR devices because the platform passed isn't supported by Unity.

Cannot set VR devices because the platform passed isn't supported by Unity.

Cannot set VR devices because the platform passed isn't supported by Unity.

Cannot set VR devices because the platform passed isn't supported by Unity.

Cannot set VR devices because the platform passed isn't supported by Unity.

Cannot set VR devices because the platform passed isn't supported by Unity.

Cannot set VR devices because the platform passed isn't supported by Unity.

Cannot set VR devices because the platform passed isn't supported by Unity.

Refreshing native plugins compatible for Editor in 26.81 ms, found 1 plugins.
Preloading 0 native plugins for Editor in 0.00 ms.
Initialize engine version: 2020.3.7f1 (dd97f2c94397)
[Subsystems] Discovering subsystems at path /Applications/Unity/Hub/Editor/2020.3.7f1/Unity.app/Contents/Resources/UnitySubsystems
[Subsystems] Discovering subsystems at path /Users/yanagisawakai/Downloads/ShaderSample/Assets
GfxDevice: creating device client; threaded=0
2021-07-03 15:07:29.618 Unity[2099:37040] Color LCD preferred device: Intel(R) Iris(TM) Plus Graphics 645 (low power)
2021-07-03 15:07:29.619 Unity[2099:37040] Metal devices available: 1
2021-07-03 15:07:29.619 Unity[2099:37040] 0: Intel(R) Iris(TM) Plus Graphics 645 (low power)
2021-07-03 15:07:29.619 Unity[2099:37040] Using device Intel(R) Iris(TM) Plus Graphics 645 (low power)
Initializing Metal device caps: Intel(R) Iris(TM) Plus Graphics 645
Initialize mono
Mono path[0] = '/Applications/Unity/Hub/Editor/2020.3.7f1/Unity.app/Contents/Managed'
Mono path[1] = '/Applications/Unity/Hub/Editor/2020.3.7f1/Unity.app/Contents/MonoBleedingEdge/lib/mono/unityjit'
Mono config path = '/Applications/Unity/Hub/Editor/2020.3.7f1/Unity.app/Contents/MonoBleedingEdge/etc'
Using monoOptions --debugger-agent=transport=dt_socket,embedding=1,server=y,suspend=n,address=127.0.0.1:56099
Begin MonoManager ReloadAssembly
Registering precompiled unity dll's ...
Register platform support module: /Applications/Unity/Hub/Editor/2020.3.7f1/Unity.app/Contents/PlaybackEngines/MacStandaloneSupport/UnityEditor.OSXStandalone.Extensions.dll
Registered in 0.002144 seconds.
Native extension for OSXStandalone target not found
Refreshing native plugins compatible for Editor in 24.74 ms, found 1 plugins.
Preloading 0 native plugins for Editor in 0.00 ms.
Mono: successfully reloaded assembly
- Completed reload, in  2.612 seconds
Platform modules already initialized, skipping
Registering precompiled user dll's ...
Registered in 0.000891 seconds.
Begin MonoManager ReloadAssembly
Native extension for OSXStandalone target not found
Refreshing native plugins compatible for Editor in 0.30 ms, found 1 plugins.
Preloading 0 native plugins for Editor in 0.00 ms.
Mono: successfully reloaded assembly
- Completed reload, in  1.186 seconds
Platform modules already initialized, skipping
========================================================================
Worker process is ready to serve import requests
Cannot set VR devices because the platform passed isn't supported by Unity.

Cannot set VR devices because the platform passed isn't supported by Unity.

Cannot set VR devices because the platform passed isn't supported by Unity.

Cannot set VR devices because the platform passed isn't supported by Unity.

Cannot set VR devices because the platform passed isn't supported by Unity.

Cannot set VR devices because the platform passed isn't supported by Unity.

Cannot set VR devices because the platform passed isn't supported by Unity.

Cannot set VR devices because the platform passed isn't supported by Unity.

Cannot set VR devices because the platform passed isn't supported by Unity.

Cannot set VR devices because the platform passed isn't supported by Unity.

Cannot set VR devices because the platform passed isn't supported by Unity.

Launching external process: /Applications/Unity/Hub/Editor/2020.3.7f1/Unity.app/Contents/Tools/UnityShaderCompiler
Launched and connected shader compiler UnityShaderCompiler after 0.01 seconds
Refreshing native plugins compatible for Editor in 0.25 ms, found 1 plugins.
Preloading 0 native plugins for Editor in 0.00 ms.
Unloading 1115 Unused Serialized files (Serialized files now loaded: 0)
System memory in use before: 111.7 MB.
System memory in use after: 111.7 MB.

Unloading 9 unused Assets to reduce memory usage. Loaded Objects now: 1558.
Total: 2.933439 ms (FindLiveObjects: 0.257391 ms CreateObjectMapping: 0.073079 ms MarkObjects: 2.473652 ms  DeleteObjects: 0.127452 ms)

========================================================================
Received Import Request.
  path: Assets
  artifactKey: Guid(00000000000000001000000000000000) Importer(815301076,1909f56bfc062723c751e8b465ee728b)
Start importing Assets using Guid(00000000000000001000000000000000) Importer(815301076,1909f56bfc062723c751e8b465ee728b)  -> (artifact id: '5f6a1853b736837ecfb0820a881449cb') in 0.006297 seconds
  Import took 0.009761 seconds .

========================================================================
Received Import Request.
  Time since last request: 28.396545 seconds.
  path: Assets/NewSurfaceShader.shader
  artifactKey: Guid(0dcdb23ce92124c6296a35f7550bd2c9) Importer(815301076,1909f56bfc062723c751e8b465ee728b)
Start importing Assets/NewSurfaceShader.shader using Guid(0dcdb23ce92124c6296a35f7550bd2c9) Importer(815301076,1909f56bfc062723c751e8b465ee728b)  -> (artifact id: 'c642fea952719435e9c00442fac2959f') in 0.849245 seconds
  Import took 0.857463 seconds .

========================================================================
Received Import Request.
  Time since last request: 0.106233 seconds.
  path: Assets/NewSurfaceShader.shader
  artifactKey: Guid(0dcdb23ce92124c6296a35f7550bd2c9) Importer(815301076,1909f56bfc062723c751e8b465ee728b)
Start importing Assets/NewSurfaceShader.shader using Guid(0dcdb23ce92124c6296a35f7550bd2c9) Importer(815301076,1909f56bfc062723c751e8b465ee728b)  -> (artifact id: 'c642fea952719435e9c00442fac2959f') in 0.006337 seconds
  Import took 0.008952 seconds .

========================================================================
Received Import Request.
  Time since last request: 14.623097 seconds.
  path: Assets/sample.shader
  artifactKey: Guid(0dcdb23ce92124c6296a35f7550bd2c9) Importer(815301076,1909f56bfc062723c751e8b465ee728b)
Start importing Assets/sample.shader using Guid(0dcdb23ce92124c6296a35f7550bd2c9) Importer(815301076,1909f56bfc062723c751e8b465ee728b)  -> (artifact id: '5cb9b32942ff9b9fa906136f7a16b4d9') in 0.008898 seconds
  Import took 0.012339 seconds .

========================================================================
Received Import Request.
  Time since last request: 5.279276 seconds.
  path: Assets/Sample.shader
  artifactKey: Guid(0dcdb23ce92124c6296a35f7550bd2c9) Importer(815301076,1909f56bfc062723c751e8b465ee728b)
Start importing Assets/Sample.shader using Guid(0dcdb23ce92124c6296a35f7550bd2c9) Importer(815301076,1909f56bfc062723c751e8b465ee728b)  -> (artifact id: '8a8a7ad03784c039816b7850a7a0cae1') in 0.007210 seconds
  Import took 0.009699 seconds .

========================================================================
Received Import Request.
  Time since last request: 119.698625 seconds.
  path: Assets/Models/dragon.fbx
  artifactKey: Guid(e2c4bb28fe6964f40b3b83cc2d8eec54) Importer(815301076,1909f56bfc062723c751e8b465ee728b)
Start importing Assets/Models/dragon.fbx using Guid(e2c4bb28fe6964f40b3b83cc2d8eec54) Importer(815301076,1909f56bfc062723c751e8b465ee728b)  -> (artifact id: '14526e07e3e2c0dc44a4e49c405fbbe5') in 1.255261 seconds
  Import took 1.257402 seconds .

========================================================================
Received Import Request.
  Time since last request: 0.000206 seconds.
  path: Assets/Scene/20_Subway_Lights_3k.hdr
  artifactKey: Guid(5e5bd07eb98164d199666ca60821f529) Importer(815301076,1909f56bfc062723c751e8b465ee728b)
Start importing Assets/Scene/20_Subway_Lights_3k.hdr using Guid(5e5bd07eb98164d199666ca60821f529) Importer(815301076,1909f56bfc062723c751e8b465ee728b)  -> (artifact id: '61a23c39823afa6eefcd2f59b737fbb1') in 1.085140 seconds
  Import took 1.087404 seconds .

========================================================================
Received Import Request.
  Time since last request: 0.000194 seconds.
  path: Assets/Scene/skybox.mat
  artifactKey: Guid(2d91a49085c3649b298fbc27631b620e) Importer(815301076,1909f56bfc062723c751e8b465ee728b)
Start importing Assets/Scene/skybox.mat using Guid(2d91a49085c3649b298fbc27631b620e) Importer(815301076,1909f56bfc062723c751e8b465ee728b)  -> (artifact id: 'a489491b16d59f8cb225c5e2908dac14') in 0.456595 seconds
  Import took 0.458397 seconds .

========================================================================
Received Import Request.
  Time since last request: 155.982936 seconds.
  path: Assets/Scene/TestScene.unity
  artifactKey: Guid(f79ecf36af9734727800d73365a3dbb0) Importer(815301076,1909f56bfc062723c751e8b465ee728b)
Start importing Assets/Scene/TestScene.unity using Guid(f79ecf36af9734727800d73365a3dbb0) Importer(815301076,1909f56bfc062723c751e8b465ee728b)  -> (artifact id: '2265d4af224d757f9e78b772a71ccba8') in 0.053759 seconds
  Import took 0.115568 seconds .

